0 info it worked if it ends with ok
1 verbose cli [ '/usr/local/bin/node',
1 verbose cli   '/usr/local/bin/npm',
1 verbose cli   'install',
1 verbose cli   'vue-strap',
1 verbose cli   '--save-dev' ]
2 info using npm@3.6.0
3 info using node@v5.9.1
4 silly loadCurrentTree Starting
5 silly install loadCurrentTree
6 silly install readLocalPackageData
7 silly fetchPackageMetaData vue-strap
8 silly fetchNamedPackageData vue-strap
9 silly mapToRegistry name vue-strap
10 silly mapToRegistry using default registry
11 silly mapToRegistry registry https://registry.npmjs.org/
12 silly mapToRegistry uri https://registry.npmjs.org/vue-strap
13 verbose request uri https://registry.npmjs.org/vue-strap
14 verbose request no auth needed
15 info attempt registry request try #1 at 9:06:31 PM
16 verbose request using bearer token for auth
17 verbose request id 7a197a34077e7dd6
18 http request GET https://registry.npmjs.org/vue-strap
19 info retry will retry, error on last attempt: Error: read ECONNRESET
20 info attempt registry request try #2 at 9:06:42 PM
21 verbose request using bearer token for auth
22 http request GET https://registry.npmjs.org/vue-strap
23 info retry will retry, error on last attempt: Error: read ECONNRESET
24 info attempt registry request try #3 at 9:07:43 PM
25 verbose request using bearer token for auth
26 http request GET https://registry.npmjs.org/vue-strap
27 silly fetchPackageMetaData Error: read ECONNRESET
27 silly fetchPackageMetaData     at exports._errnoException (util.js:890:11)
27 silly fetchPackageMetaData     at TLSWrap.onread (net.js:552:26)
27 silly fetchPackageMetaData  error for vue-strap { [Error: read ECONNRESET] code: 'ECONNRESET', errno: 'ECONNRESET', syscall: 'read' }
28 silly rollbackFailedOptional Starting
29 silly rollbackFailedOptional Finishing
30 silly runTopLevelLifecycles Starting
31 silly runTopLevelLifecycles Finishing
32 silly install printInstalled
33 verbose stack Error: read ECONNRESET
33 verbose stack     at exports._errnoException (util.js:890:11)
33 verbose stack     at TLSWrap.onread (net.js:552:26)
34 verbose cwd /Users/songshuang/self/node/cms
35 error Darwin 15.0.0
36 error argv "/usr/local/bin/node" "/usr/local/bin/npm" "install" "vue-strap" "--save-dev"
37 error node v5.9.1
38 error npm  v3.6.0
39 error code ECONNRESET
40 error errno ECONNRESET
41 error syscall read
42 error network read ECONNRESET
43 error network This is most likely not a problem with npm itself
43 error network and is related to network connectivity.
43 error network In most cases you are behind a proxy or have bad network settings.
43 error network
43 error network If you are behind a proxy, please make sure that the
43 error network 'proxy' config is set properly.  See: 'npm help config'
44 verbose exit [ 1, true ]
